2019-08-19 17:01:59 INFO  MainApplication:58 - Hi There
2019-08-19 17:01:59 INFO  MainApplication:9 - hello there in one thread
2019-08-19 17:01:59 INFO  MainApplication:58 - Hi There
2019-08-19 17:01:59 INFO  MainApplication:9 - hello there in one thread
2019-08-19 17:01:59 INFO  MainApplication:58 - Hi There
2019-08-19 17:01:59 INFO  MainApplication:9 - hello there in one thread
2019-08-19 17:05:50 INFO  MainApplication:59 - Hi There
2019-08-19 17:05:50 INFO  MainApplication:9 - hello there in one thread
2019-08-19 17:05:50 INFO  MainApplication:59 - Hi There
2019-08-19 17:05:50 INFO  MainApplication:9 - hello there in one thread
2019-08-19 17:05:50 INFO  MainApplication:59 - Hi There
2019-08-19 17:05:50 INFO  MainApplication:9 - hello there in one thread
2019-08-19 17:06:24 INFO  MainApplication:59 - EEEEE0
2019-08-19 17:06:24 INFO  MainApplication:59 - EEEEE1
2019-08-19 17:06:24 INFO  MainApplication:9 - hello there in one thread
2019-08-19 17:06:24 INFO  MainApplication:9 - hello there in one thread
2019-08-19 17:06:24 INFO  MainApplication:59 - EEEEE2
2019-08-19 17:06:24 INFO  MainApplication:9 - hello there in one thread
2019-08-19 17:27:41 INFO  MainApplication:62 - EEEEE0
2019-08-19 17:27:41 INFO  MainApplication:62 - EEEEE1
2019-08-19 17:27:41 INFO  MainApplication:62 - EEEEE2
2019-08-19 17:30:16 INFO  MainApplication:63 - AAA
2019-08-19 17:30:16 INFO  MainApplication:63 - AAA
2019-08-19 17:30:16 INFO  MainApplication:63 - AAA
2019-08-19 17:33:02 INFO  MainApplication:64 - AAA
2019-08-19 17:33:02 INFO  MainApplication:64 - AAA
2019-08-19 17:33:02 INFO  MainApplication:64 - AAA
2019-08-19 17:34:09 INFO  MainApplication:65 - AAA
2019-08-19 17:34:09 INFO  MainApplication:65 - AAA
2019-08-19 17:34:09 INFO  MainApplication:65 - AAA
2019-08-19 17:36:26 INFO  MainApplication:66 - AAA
2019-08-19 17:36:26 INFO  MainApplication:66 - AAA
2019-08-19 17:36:26 INFO  MainApplication:66 - AAA
2019-08-19 17:38:19 INFO  MainApplication:64 - 0
2019-08-19 17:38:19 INFO  MainApplication:64 - 1
2019-08-19 17:38:19 INFO  MainApplication:64 - 2
2019-08-19 17:39:13 INFO  MainApplication:63 - 0
2019-08-19 17:39:13 INFO  MainApplication:63 - 1
2019-08-19 17:39:13 INFO  MainApplication:63 - 2
2019-08-19 17:42:56 INFO  MainApplication:64 - 1
2019-08-19 17:42:56 INFO  MainApplication:64 - 0
2019-08-19 17:42:56 INFO  MainApplication:64 - 2
2019-08-19 17:43:22 INFO  MainApplication:64 - 1
2019-08-19 17:43:22 INFO  MainApplication:64 - 2
2019-08-19 17:43:22 INFO  MainApplication:64 - 0
2019-08-19 17:44:11 INFO  Demo:64 - 0
2019-08-19 17:44:11 INFO  Demo:64 - 2
2019-08-19 17:44:11 INFO  Demo:64 - 1
2019-08-19 17:47:10 INFO  Demo:64 - 1
2019-08-19 17:47:10 INFO  Demo:64 - 2
2019-08-19 17:47:10 INFO  Demo:64 - 0
2019-08-19 17:47:53 INFO  Demo:64 - 0
2019-08-19 17:47:53 INFO  Demo:64 - 2
2019-08-19 17:47:53 INFO  Demo:66 - 0
2019-08-19 17:47:53 INFO  Demo:64 - 1
2019-08-19 17:47:53 INFO  Demo:66 - 1
2019-08-19 17:47:53 INFO  Demo:66 - 0
2019-08-19 17:48:52 INFO  Demo:64 - 0
2019-08-19 17:48:52 INFO  Demo:64 - 1
2019-08-19 17:48:52 INFO  Demo:67 - 0
2019-08-19 17:48:52 INFO  Demo:64 - 2
2019-08-19 17:48:52 INFO  Demo:67 - 0
2019-08-19 17:48:52 INFO  Demo:67 - 1
2019-08-19 17:49:41 INFO  Demo:64 - 0
2019-08-19 17:49:41 INFO  Demo:64 - 1
2019-08-19 17:49:41 INFO  Demo:64 - 2
2019-08-19 17:50:37 INFO  Demo:64 - 1
2019-08-19 17:50:37 INFO  Demo:64 - 0
2019-08-19 17:50:37 INFO  Demo:64 - 2
2019-08-19 17:52:20 INFO  Demo:64 - 0
2019-08-19 17:52:20 INFO  Demo:64 - 1
2019-08-19 17:52:20 INFO  Demo:64 - 2
2019-08-19 17:53:35 INFO  Demo:54 - 0
2019-08-19 17:53:35 INFO  Demo:54 - 1
2019-08-19 17:53:35 INFO  Demo:54 - 2
2019-08-19 17:54:17 INFO  Demo:54 - 0
2019-08-19 17:54:17 INFO  Demo:54 - 1
2019-08-19 17:54:17 INFO  Demo:54 - 2
